\BOOKMARK [0][-]{chapter.1}{\376\377\000A\000b\000s\000t\000r\000a\000c\000t}{}% 1
\BOOKMARK [0][-]{chapter.2}{\376\377\000D\000a\000n\000k\000s\000a\000g\000u\000n\000g}{}% 2
\BOOKMARK [0][-]{chapter.3}{\376\377\000A\000b\000b\000i\000l\000d\000u\000n\000g\000s\000v\000e\000r\000z\000e\000i\000c\000h\000n\000i\000s}{}% 3
\BOOKMARK [0][-]{chapter.4}{\376\377\000A\000b\000k\000\374\000r\000z\000u\000n\000g\000s\000v\000e\000r\000z\000e\000i\000c\000h\000n\000i\000s}{}% 4
\BOOKMARK [0][-]{chapter.5}{\376\377\000E\000i\000n\000l\000e\000i\000t\000u\000n\000g}{}% 5
\BOOKMARK [1][-]{section.5.1}{\376\377\000M\000o\000t\000i\000v\000a\000t\000i\000o\000n}{chapter.5}% 6
\BOOKMARK [1][-]{section.5.2}{\376\377\000P\000r\000o\000j\000e\000k\000t\000z\000i\000e\000l}{chapter.5}% 7
\BOOKMARK [1][-]{section.5.3}{\376\377\000Z\000i\000e\000l\000g\000r\000u\000p\000p\000e}{chapter.5}% 8
\BOOKMARK [1][-]{section.5.4}{\376\377\000E\000i\000n\000s\000a\000t\000z\000s\000z\000e\000n\000a\000r\000i\000e\000n}{chapter.5}% 9
\BOOKMARK [1][-]{section.5.5}{\376\377\000D\000e\000r\000\040\000N\000a\000m\000e}{chapter.5}% 10
\BOOKMARK [1][-]{section.5.6}{\376\377\000L\000i\000z\000e\000n\000s\000i\000e\000r\000u\000n\000g}{chapter.5}% 11
\BOOKMARK [0][-]{chapter.6}{\376\377\000S\000t\000a\000n\000d\000\040\000d\000e\000r\000\040\000T\000e\000c\000h\000n\000i\000k}{}% 12
\BOOKMARK [1][-]{section.6.1}{\376\377\000W\000i\000s\000s\000e\000n\000s\000c\000h\000a\000f\000t\000l\000i\000c\000h\000e\000r\000\040\000S\000t\000a\000n\000d}{chapter.6}% 13
\BOOKMARK [2][-]{subsection.6.1.1}{\376\377\000P\0002\000P\000-\000N\000e\000t\000z\000w\000e\000r\000k\000e}{section.6.1}% 14
\BOOKMARK [2][-]{subsection.6.1.2}{\376\377\000\304\000h\000n\000l\000i\000c\000h\000e\000\040\000A\000r\000b\000e\000i\000t\000e\000n\000:\000\040\000B\000a\000z\000i\000l}{section.6.1}% 15
\BOOKMARK [1][-]{section.6.2}{\376\377\000K\000o\000n\000k\000u\000r\000r\000e\000n\000z\000a\000n\000a\000l\000y\000s\000e}{chapter.6}% 16
\BOOKMARK [2][-]{subsection.6.2.1}{\376\377\000D\000r\000o\000p\000b\000o\000x\000/\000B\000o\000x\000c\000r\000y\000p\000t\000o\000r}{section.6.2}% 17
\BOOKMARK [2][-]{subsection.6.2.2}{\376\377\000S\000y\000n\000c\000t\000h\000i\000n\000g}{section.6.2}% 18
\BOOKMARK [2][-]{subsection.6.2.3}{\376\377\000M\000o\000o\000s\000e\000F\000S}{section.6.2}% 19
\BOOKMARK [2][-]{subsection.6.2.4}{\376\377\000L\000i\000z\000a\000r\000d\000F\000S}{section.6.2}% 20
\BOOKMARK [1][-]{section.6.3}{\376\377\000P\000r\000o\000b\000l\000e\000m\000s\000t\000e\000l\000l\000u\000n\000g}{chapter.6}% 21
\BOOKMARK [1][-]{section.6.4}{\376\377\000G\000e\000s\000e\000l\000l\000s\000c\000h\000a\000f\000t\000l\000i\000c\000h\000e\000\040\000u\000n\000d\000\040\000p\000o\000l\000i\000t\000i\000s\000c\000h\000e\000\040\000A\000s\000p\000e\000k\000t\000e}{chapter.6}% 22
\BOOKMARK [1][-]{section.6.5}{\376\377\000W\000a\000h\000l\000\040\000d\000e\000r\000\040\000S\000p\000r\000a\000c\000h\000e}{chapter.6}% 23
\BOOKMARK [0][-]{chapter.7}{\376\377\000D\000e\000z\000e\000n\000t\000r\000a\000l\000e\000\040\000N\000e\000t\000z\000w\000e\000r\000k\000e}{}% 24
\BOOKMARK [1][-]{section.7.1}{\376\377\000I\000P\000F\000S}{chapter.7}% 25
\BOOKMARK [2][-]{subsection.7.1.1}{\376\377\000D\000e\000z\000e\000n\000t\000r\000a\000l\000e\000s\000\040\000R\000o\000u\000t\000i\000n\000g}{section.7.1}% 26
\BOOKMARK [2][-]{subsection.7.1.2}{\376\377\000M\000e\000r\000k\000l\000e\000-\000T\000r\000e\000e}{section.7.1}% 27
\BOOKMARK [2][-]{subsection.7.1.3}{\376\377\000P\000i\000n\000n\000i\000n\000g}{section.7.1}% 28
\BOOKMARK [2][-]{subsection.7.1.4}{\376\377\000S\000p\000e\000i\000c\000h\000e\000r\000q\000u\000o\000t\000e\000n}{section.7.1}% 29
\BOOKMARK [2][-]{subsection.7.1.5}{\376\377\000S\000e\000r\000v\000i\000c\000e\000\040\000D\000i\000s\000c\000o\000v\000e\000r\000y}{section.7.1}% 30
\BOOKMARK [1][-]{section.7.2}{\376\377\000M\000e\000t\000a\000d\000a\000t\000e\000n\000\374\000b\000e\000r\000t\000r\000a\000g\000u\000n\000g}{chapter.7}% 31
\BOOKMARK [2][-]{subsection.7.2.1}{\376\377\000X\000M\000P\000P\000\040\000\050\000h\000i\000s\000t\000o\000r\000i\000s\000c\000h\000\051}{section.7.2}% 32
\BOOKMARK [2][-]{subsection.7.2.2}{\376\377\000M\000Q\000T\000T}{section.7.2}% 33
\BOOKMARK [2][-]{subsection.7.2.3}{\376\377\000B\000e\000n\000u\000t\000z\000e\000r\000v\000e\000r\000w\000a\000l\000t\000u\000n\000g}{section.7.2}% 34
\BOOKMARK [0][-]{chapter.8}{\376\377\000A\000r\000c\000h\000i\000t\000e\000k\000t\000u\000r\000\040\000v\000o\000n\000\040\000b\000r\000i\000g}{}% 35
\BOOKMARK [1][-]{section.8.1}{\376\377\000C\000l\000i\000e\000n\000t\000/\000S\000e\000r\000v\000e\000r\000\040\000A\000u\000f\000t\000e\000i\000l\000u\000n\000g}{chapter.8}% 36
\BOOKMARK [1][-]{section.8.2}{\376\377\000M\000e\000t\000a\000d\000a\000t\000e\000n\000i\000n\000d\000e\000x}{chapter.8}% 37
\BOOKMARK [2][-]{subsection.8.2.1}{\376\377\000D\000a\000t\000e\000n\000s\000t\000r\000u\000k\000t\000u\000r\000e\000n}{section.8.2}% 38
\BOOKMARK [2][-]{subsection.8.2.2}{\376\377\000B\000o\000l\000t\000D\000B}{section.8.2}% 39
\BOOKMARK [1][-]{section.8.3}{\376\377\000S\000e\000r\000i\000a\000l\000i\000s\000i\000e\000r\000u\000n\000g}{chapter.8}% 40
\BOOKMARK [1][-]{section.8.4}{\376\377\000S\000t\000r\000e\000a\000m\000i\000n\000g\000\040\000A\000r\000c\000h\000i\000t\000e\000k\000t\000u\000r}{chapter.8}% 41
\BOOKMARK [1][-]{section.8.5}{\376\377\000S\000o\000n\000s\000t\000i\000g\000e\000s}{chapter.8}% 42
\BOOKMARK [2][-]{subsection.8.5.1}{\376\377\000L\000o\000g\000g\000i\000n\000g}{section.8.5}% 43
\BOOKMARK [2][-]{subsection.8.5.2}{\376\377\000K\000o\000n\000f\000i\000g\000u\000r\000a\000t\000i\000o\000n}{section.8.5}% 44
\BOOKMARK [0][-]{chapter.9}{\376\377\000S\000t\000o\000r\000a\000g\000e}{}% 45
\BOOKMARK [1][-]{section.9.1}{\376\377\000V\000e\000r\000s\000c\000h\000l\000\374\000s\000s\000e\000l\000u\000n\000g\000s\000l\000a\000y\000e\000r}{chapter.9}% 46
\BOOKMARK [1][-]{section.9.2}{\376\377\000K\000o\000m\000p\000r\000e\000s\000s\000i\000o\000n\000s\000l\000a\000y\000e\000r}{chapter.9}% 47
\BOOKMARK [1][-]{section.9.3}{\376\377\000D\000e\000d\000u\000p\000l\000i\000z\000i\000e\000r\000u\000n\000g}{chapter.9}% 48
\BOOKMARK [1][-]{section.9.4}{\376\377\000F\000U\000S\000E\000\040\000M\000o\000u\000n\000t}{chapter.9}% 49
\BOOKMARK [0][-]{chapter.10}{\376\377\000U\000s\000a\000b\000i\000l\000i\000t\000y}{}% 50
\BOOKMARK [1][-]{section.10.1}{\376\377\000F\000r\000o\000n\000t\000e\000n\000d\000s}{chapter.10}% 51
\BOOKMARK [2][-]{subsection.10.1.1}{\376\377\000K\000o\000m\000m\000a\000n\000d\000o\000z\000e\000i\000l\000e}{section.10.1}% 52
\BOOKMARK [2][-]{subsection.10.1.2}{\376\377\000F\000U\000S\000E\000\040\000M\000o\000u\000n\000t}{section.10.1}% 53
\BOOKMARK [2][-]{subsection.10.1.3}{\376\377\000G\000r\000a\000f\000i\000s\000c\000h\000e\000\040\000O\000b\000e\000r\000f\000l\000\344\000c\000h\000e\000n}{section.10.1}% 54
\BOOKMARK [0][-]{chapter.11}{\376\377\000A\000u\000s\000b\000l\000i\000c\000k}{}% 55
\BOOKMARK [1][-]{section.11.1}{\376\377\000S\000e\000l\000b\000s\000t\000k\000r\000i\000t\000i\000k}{chapter.11}% 56
\BOOKMARK [1][-]{section.11.2}{\376\377\000P\000o\000r\000t\000i\000e\000r\000b\000a\000r\000k\000e\000i\000t}{chapter.11}% 57
\BOOKMARK [1][-]{section.11.3}{\376\377\000W\000e\000i\000t\000e\000r\000e\000\040\000E\000n\000t\000w\000i\000c\000k\000l\000u\000n\000g}{chapter.11}% 58
\BOOKMARK [1][-]{section.11.4}{\376\377\000W\000i\000r\000t\000s\000c\000h\000a\000f\000t\000l\000i\000c\000h\000e\000\040\000V\000e\000r\000w\000e\000r\000t\000u\000n\000g}{chapter.11}% 59
\BOOKMARK [0][-]{chapter.12}{\376\377\000A\000n\000h\000\344\000n\000g\000e}{}% 60
